<?xml version="1.0" encoding="UTF-8"?>
<!-- Generated by org.testng.reporters.JUnitReportReporter -->
<testsuite skipped="0" hostname="DESKTOP-ODGEUQ2" name="TestNgDemo.Hardassertiondemo" tests="1" failures="0" timestamp="20 Dec 2019 06:52:58 GMT" time="16.626" errors="0">
  <testcase name="launch" time="16.626" classname="TestNgDemo.Hardassertiondemo"/>
</testsuite> <!-- TestNgDemo.Hardassertiondemo -->
