<?xml version="1.0" encoding="UTF-8"?>
<!-- Generated by org.testng.reporters.JUnitReportReporter -->
<testsuite skipped="0" hostname="DESKTOP-ODGEUQ2" name="TestNgDemo.Parametersdemo" tests="1" failures="0" timestamp="5 Jun 2020 02:59:13 GMT" time="0.358" errors="0">
  <testcase name="get" time="0.358" classname="TestNgDemo.Parametersdemo"/>
</testsuite> <!-- TestNgDemo.Parametersdemo -->
