<?xml version="1.0" encoding="UTF-8"?>
<!-- Generated by org.testng.reporters.JUnitReportReporter -->
<testsuite skipped="0" hostname="DESKTOP-ODGEUQ2" name="TestNgDemo.Paralleldemo" tests="2" failures="0" timestamp="9 Jun 2020 03:02:05 GMT" time="43.562" errors="0">
  <testcase name="par" time="22.451" classname="TestNgDemo.Paralleldemo"/>
  <testcase name="par1" time="21.111" classname="TestNgDemo.Paralleldemo"/>
</testsuite> <!-- TestNgDemo.Paralleldemo -->
