<?xml version="1.0" encoding="UTF-8"?>
<!-- Generated by org.testng.reporters.JUnitReportReporter -->
<testsuite skipped="0" hostname="DESKTOP-ODGEUQ2" name="TestNgDemo.DataProviderdemo" tests="3" failures="0" timestamp="5 Jun 2020 04:03:51 GMT" time="10.851" errors="0">
  <testcase name="login" time="2.495" classname="TestNgDemo.DataProviderdemo"/>
  <testcase name="login" time="5.456" classname="TestNgDemo.DataProviderdemo"/>
  <testcase name="login" time="2.900" classname="TestNgDemo.DataProviderdemo"/>
</testsuite> <!-- TestNgDemo.DataProviderdemo -->
