<?xml version="1.0" encoding="UTF-8"?>
<!-- Generated by org.testng.reporters.JUnitReportReporter -->
<testsuite skipped="0" hostname="DESKTOP-ODGEUQ2" name="testNG.Annotationdemo" tests="2" failures="0" timestamp="10 Dec 2019 06:43:49 GMT" time="0.440" errors="0">
  <testcase name="checktitle" time="0.022" classname="testNG.Annotationdemo"/>
  <testcase name="login" time="0.418" classname="testNG.Annotationdemo"/>
</testsuite> <!-- testNG.Annotationdemo -->
