<?xml version="1.0" encoding="UTF-8"?>
<!-- Generated by org.testng.reporters.JUnitReportReporter -->
<testsuite skipped="0" hostname="DESKTOP-ODGEUQ2" name="Orangehrmdemo.Admindemo" tests="1" failures="0" timestamp="17 Dec 2019 06:29:40 GMT" time="0.256" errors="0">
  <testcase name="admin" time="0.256" classname="Orangehrmdemo.Admindemo"/>
</testsuite> <!-- Orangehrmdemo.Admindemo -->
