<?xml version="1.0" encoding="UTF-8"?>
<!-- Generated by org.testng.reporters.JUnitReportReporter -->
<testsuite skipped="0" hostname="DESKTOP-ODGEUQ2" name="Orangehrmdemo.Homedemo" tests="1" failures="0" timestamp="17 Dec 2019 07:20:48 GMT" time="5.359" errors="0">
  <testcase name="admin" time="5.359" classname="Orangehrmdemo.Homedemo"/>
</testsuite> <!-- Orangehrmdemo.Homedemo -->
