<?xml version="1.0" encoding="UTF-8"?>
<!-- Generated by org.testng.reporters.JUnitReportReporter -->
<testsuite skipped="0" hostname="DESKTOP-ODGEUQ2" name="Orangehrmdemo.Logindemo" tests="1" failures="0" timestamp="17 Dec 2019 07:20:48 GMT" time="11.264" errors="0">
  <testcase name="login" time="11.264" classname="Orangehrmdemo.Logindemo"/>
</testsuite> <!-- Orangehrmdemo.Logindemo -->
