<?xml version="1.0" encoding="UTF-8"?>
<!-- Generated by org.testng.reporters.JUnitReportReporter -->
<testsuite skipped="0" hostname="DESKTOP-ODGEUQ2" name="TestNGapp.logintest" tests="2" failures="0" timestamp="11 Dec 2019 08:57:26 GMT" time="2.704" errors="0">
  <testcase name="checktitle" time="0.028" classname="TestNGapp.logintest"/>
  <testcase name="login" time="2.676" classname="TestNGapp.logintest"/>
</testsuite> <!-- TestNGapp.logintest -->
