<?xml version="1.0" encoding="UTF-8"?>
<!-- Generated by org.testng.reporters.JUnitReportReporter -->
<testsuite skipped="0" hostname="DESKTOP-ODGEUQ2" name="TestNgDemo.ParallelClass1" tests="1" failures="0" timestamp="9 Jun 2020 03:39:33 GMT" time="26.441" errors="0">
  <testcase name="par" time="26.441" classname="TestNgDemo.ParallelClass1"/>
</testsuite> <!-- TestNgDemo.ParallelClass1 -->
