<?xml version="1.0" encoding="UTF-8"?>
<!-- Generated by org.testng.reporters.JUnitReportReporter -->
<testsuite skipped="0" hostname="DESKTOP-ODGEUQ2" name="TestNgDemo.Login" tests="2" failures="0" timestamp="11 Dec 2019 08:30:54 GMT" time="0.662" errors="0">
  <testcase name="checktitle" time="0.032" classname="TestNgDemo.Login"/>
  <testcase name="login" time="0.630" classname="TestNgDemo.Login"/>
</testsuite> <!-- TestNgDemo.Login -->
